<?xml version="1.0" encoding="UTF-8"?>
<!-- Generated by org.testng.reporters.JUnitReportReporter -->
<testsuite hostname="LAPTOP-A9SHFLG8" name="com.sampletest.FirstTestCase" tests="1" failures="0" timestamp="13 Apr 2018 14:55:48 GMT" time="0.043" errors="0">
  <testcase name="smaple" time="0.043" classname="com.sampletest.FirstTestCase"/>
</testsuite> <!-- com.sampletest.FirstTestCase -->
