<?xml version="1.0" encoding="UTF-8"?>
<!-- Generated by org.testng.reporters.JUnitReportReporter -->
<testsuite hostname="LAPTOP-A9SHFLG8" name="com.sampletest.SecondTestCase" tests="1" failures="0" timestamp="24 Mar 2018 23:56:08 GMT" time="0.000" errors="0">
  <testcase name="smaple" time="0.000" classname="com.sampletest.SecondTestCase"/>
</testsuite> <!-- com.sampletest.SecondTestCase -->
